============================= test session starts =============================
platform win32 -- Python 3.13.5, pytest-9.0.2, pluggy-1.6.0
rootdir: D:\개인\ai ax\pro
plugins: anyio-4.9.0, langsmith-0.5.1
collected 3 items

tests\test_interrupt_unit.py FFF                                         [100%]

================================== FAILURES ===================================
_______________________ test_interrupt_payload_creation _______________________

    def test_interrupt_payload_creation():
        """InterruptPayload 생성 로직 검증"""
>       state = create_initial_state()
                ^^^^^^^^^^^^^^^^^^^^^^
E       TypeError: create_initial_state() missing 1 required positional argument: 'user_input'

tests\test_interrupt_unit.py:10: TypeError
__________________________ test_resume_handling_form __________________________

    def test_resume_handling_form():
        """Form 데이터 형태의 Resume 처리 검증"""
>       state = create_initial_state()
                ^^^^^^^^^^^^^^^^^^^^^^
E       TypeError: create_initial_state() missing 1 required positional argument: 'user_input'

tests\test_interrupt_unit.py:33: TypeError
_________________________ test_resume_handling_option _________________________

    def test_resume_handling_option():
        """옵션 선택 형태의 Resume 처리 검증"""
>       state = create_initial_state()
                ^^^^^^^^^^^^^^^^^^^^^^
E       TypeError: create_initial_state() missing 1 required positional argument: 'user_input'

tests\test_interrupt_unit.py:48: TypeError
=========================== short test summary info ===========================
FAILED tests/test_interrupt_unit.py::test_interrupt_payload_creation - TypeEr...
FAILED tests/test_interrupt_unit.py::test_resume_handling_form - TypeError: c...
FAILED tests/test_interrupt_unit.py::test_resume_handling_option - TypeError:...
============================== 3 failed in 1.33s ==============================
