============================= test session starts =============================
platform win32 -- Python 3.13.5, pytest-9.0.2, pluggy-1.6.0 -- C:\Python313\python.exe
cachedir: .pytest_cache
rootdir: D:\개인\ai ax\pro
plugins: anyio-4.9.0, langsmith-0.5.1
collecting ... collected 1 item

tests/test_ui_integration.py::TestInterruptPayloadCreation::test_form_type_payload FAILED [100%]

================================== FAILURES ===================================
_____________ TestInterruptPayloadCreation.test_form_type_payload _____________

self = <test_ui_integration.TestInterruptPayloadCreation object at 0x00000299A1A24E10>
base_state = {'agreed_action_items': [], 'analysis': None, 'chat_history': [], 'chat_summary': None, ...}

    def test_form_type_payload(self, base_state):
        """폼 입력형 페이로드 생성"""
        state = update_state(
            base_state,
            need_more_info=True,
            option_question="추가 정보를 입력해주세요",
            options=[],
            input_schema_name="UserInputSchema"
        )
    
        payload = create_option_interrupt(state, interrupt_id="test_id_form")
    
>       assert payload["type"] == "form"
E       AssertionError: assert 'option' == 'form'
E         
E         - form
E         + option

tests\test_ui_integration.py:71: AssertionError
============================== warnings summary ===============================
utils\schemas.py:26
utils\schemas.py:26
  D:\개인\ai ax\pro\utils\schemas.py:26: DeprecationWarning: Importing FieldValidationInfo from `pydantic` is deprecated. This feature is either no longer supported, or is not public.
    from pydantic import BaseModel, Field, field_validator, model_validator, ValidationInfo, FieldValidationInfo

C:\Users\skyasu-pc\AppData\Roaming\Python\Python313\site-packages\pydantic_core\core_schema.py:4324
C:\Users\skyasu-pc\AppData\Roaming\Python\Python313\site-packages\pydantic_core\core_schema.py:4324
  C:\Users\skyasu-pc\AppData\Roaming\Python\Python313\site-packages\pydantic_core\core_schema.py:4324: DeprecationWarning: `FieldValidationInfo` is deprecated, use `ValidationInfo` instead.
    warnings.warn(msg, DeprecationWarning, stacklevel=1)

-- Docs: https://docs.pytest.org/en/stable/how-to/capture-warnings.html
=========================== short test summary info ===========================
FAILED tests/test_ui_integration.py::TestInterruptPayloadCreation::test_form_type_payload
======================== 1 failed, 4 warnings in 1.32s ========================
